<?xml version="1.0" encoding="UTF-8"?>
<testsuite name="com.tedneward.example.TestPerson" tests="8" skipped="0" failures="0" errors="0" timestamp="2015-01-13T04:10:22" hostname="D-173-250-180-194.dhcp4.washington.edu" time="0.025">
  <properties/>
  <testcase name="exerciseTheBasics" classname="com.tedneward.example.TestPerson" time="0.004"/>
  <testcase name="setAgeToBeNegative" classname="com.tedneward.example.TestPerson" time="0.001"/>
  <testcase name="setNameToNull" classname="com.tedneward.example.TestPerson" time="0.0"/>
  <testcase name="viewReadabletoString" classname="com.tedneward.example.TestPerson" time="0.0"/>
  <testcase name="exercisePesonEquals" classname="com.tedneward.example.TestPerson" time="0.0"/>
  <testcase name="useAgeComparator" classname="com.tedneward.example.TestPerson" time="0.015"/>
  <testcase name="useNaturalComparison" classname="com.tedneward.example.TestPerson" time="0.0"/>
  <testcase name="catchPropertyChange" classname="com.tedneward.example.TestPerson" time="0.002"/>
  <system-out><![CDATA[26
2
-21
-19
7

012-34-5678
012-34-5678
]]></system-out>
  <system-err><![CDATA[]]></system-err>
</testsuite>
